  123
  cache-metrics
  cache-metrics2
  dev-new
  dev-new-mpt
  dev-new2
  dev_perf
  dev_perf-1.19new
  dev_perf-1.19new-v2
  dev_perf-1.19new3
  dev_perf-archive
  dev_perf-mpt
  dev_perf-mpt-lock
  dev_perf-mpt-lock2
  dev_perf-mpt-lock3
  dev_perf-mpt-lock4
  dev_perf-mpt2
  dev_perf-mpt3
  dev_perf-mpt4
  dev_perf-mpt5
  dev_perf-test
  dev_perf-test2
* dev_perf-thread-pool
  devel
  develop_perf
  develop_perf2
  develop_perf3
  file
  file2
  geth1.17
  geth1.17-metrics
  master
  master-3-11
  master-new
  master-new-3-7
  master-new2
  master-new3
  master-new4
  master-new5
  master-new6
  master1
  master1.19
  master2
  miner
  mpt-fix
  mpt-test
  mpt22
  mpt23
  mutex-improve
  new-master
  new-mpt
  new-perf
  new-perf10
  new-perf2
  new-perf5
  new-perf6
  new-perf7
  new-perf8
  new-perf9
  new123
  old123
  parallel_for_mpt
  perf
  perf-3-25
  perf_analysis
  perf_analysis-new
  perf_analysis-new2
  perf_analysis2
  perf_analysis3
  perf_analysis4
  perf_analysis5
  sharedStorage
  sharedStorage-3-22
  sharedStorage-3-25
  sharedStorage2
  sharedStorage3
  sharedStorage4
